d:\idv 6º\graficas_computacionales_2\graficas computacionales 2\graficas computacionales 2\debug\graficas computacionales 2.pch
d:\idv 6º\graficas_computacionales_2\graficas computacionales 2\graficas computacionales 2\debug\vc140.pdb
d:\idv 6º\graficas_computacionales_2\graficas computacionales 2\graficas computacionales 2\debug\vc140.idb
d:\idv 6º\graficas_computacionales_2\graficas computacionales 2\graficas computacionales 2\debug\stdafx.obj
d:\idv 6º\graficas_computacionales_2\graficas computacionales 2\graficas computacionales 2\debug\camera.obj
d:\idv 6º\graficas_computacionales_2\graficas computacionales 2\graficas computacionales 2\debug\graficas computacionales 2.obj
d:\idv 6º\graficas_computacionales_2\graficas computacionales 2\graficas computacionales 2\debug\graphicsapi.obj
d:\idv 6º\graficas_computacionales_2\graficas computacionales 2\graficas computacionales 2\debug\graphicsbuffer.obj
d:\idv 6º\graficas_computacionales_2\graficas computacionales 2\graficas computacionales 2\debug\graphicsdata.obj
d:\idv 6º\graficas_computacionales_2\graficas computacionales 2\graficas computacionales 2\debug\inputlayout.obj
d:\idv 6º\graficas_computacionales_2\graficas computacionales 2\graficas computacionales 2\debug\model.obj
d:\idv 6º\graficas_computacionales_2\graficas computacionales 2\graficas computacionales 2\debug\shader.obj
d:\idv 6º\graficas_computacionales_2\graficas computacionales 2\graficas computacionales 2\debug\texture.obj
d:\idv 6º\graficas_computacionales_2\graficas computacionales 2\graficas computacionales 2\debug\graficas computacionales 2.res
d:\idv 6º\graficas_computacionales_2\graficas computacionales 2\debug\graficas computacionales 2.ilk
d:\idv 6º\graficas_computacionales_2\graficas computacionales 2\debug\graficas computacionales 2.exe
d:\idv 6º\graficas_computacionales_2\graficas computacionales 2\debug\graficas computacionales 2.pdb
d:\idv 6º\graficas_computacionales_2\graficas computacionales 2\graficas computacionales 2\debug\graficas.2975a3f6.tlog\cl.read.1.tlog
d:\idv 6º\graficas_computacionales_2\graficas computacionales 2\graficas computacionales 2\debug\graficas.2975a3f6.tlog\rc.read.1.tlog
d:\idv 6º\graficas_computacionales_2\graficas computacionales 2\graficas computacionales 2\debug\graficas.2975a3f6.tlog\cl.write.1.tlog
d:\idv 6º\graficas_computacionales_2\graficas computacionales 2\graficas computacionales 2\debug\graficas.2975a3f6.tlog\cl.command.1.tlog
d:\idv 6º\graficas_computacionales_2\graficas computacionales 2\graficas computacionales 2\debug\graficas.2975a3f6.tlog\link.read.1.tlog
d:\idv 6º\graficas_computacionales_2\graficas computacionales 2\graficas computacionales 2\debug\graficas.2975a3f6.tlog\rc.write.1.tlog
d:\idv 6º\graficas_computacionales_2\graficas computacionales 2\graficas computacionales 2\debug\graficas.2975a3f6.tlog\rc.command.1.tlog
d:\idv 6º\graficas_computacionales_2\graficas computacionales 2\graficas computacionales 2\debug\graficas.2975a3f6.tlog\link.write.1.tlog
d:\idv 6º\graficas_computacionales_2\graficas computacionales 2\graficas computacionales 2\debug\graficas.2975a3f6.tlog\link.command.1.tlog
